<?xml version="1.0" encoding="UTF-8"?>
<testsuite name="com.websocket.socket.SocketApplicationTests" tests="1" skipped="0" failures="0" errors="0" timestamp="2024-03-04T09:07:04" hostname="WN20210045" time="1.055">
  <properties/>
  <testcase name="contextLoads()" classname="com.websocket.socket.SocketApplicationTests" time="1.055"/>
  <system-out><![CDATA[18:07:01.019 [Test worker] INFO org.springframework.test.context.support.AnnotationConfigContextLoaderUtils -- Could not detect default configuration classes for test class [com.websocket.socket.SocketApplicationTests]: SocketApplicationTests does not declare any static, non-private, non-final, nested classes annotated with @Configuration.
18:07:01.183 [Test worker] INFO org.springframework.boot.test.context.SpringBootTestContextBootstrapper -- Found @SpringBootConfiguration com.websocket.socket.SocketApplication for test class com.websocket.socket.SocketApplicationTests

  .   ____          _            __ _ _
 /\\ / ___'_ __ _ _(_)_ __  __ _ \ \ \ \
( ( )\___ | '_ | '_| | '_ \/ _` | \ \ \ \
 \\/  ___)| |_)| | | | | || (_| |  ) ) ) )
  '  |____| .__|_| |_|_| |_\__, | / / / /
 =========|_|==============|___/=/_/_/_/
 :: Spring Boot ::                (v3.2.3)

2024-03-04T18:07:01.768+09:00  INFO 3060 --- [    Test worker] c.w.socket.SocketApplicationTests        : Starting SocketApplicationTests using Java 17.0.1 with PID 3060 (started by choi_yeol in C:\workSpace\projects\personal\javaSocketTest)
2024-03-04T18:07:01.770+09:00  INFO 3060 --- [    Test worker] c.w.socket.SocketApplicationTests        : No active profile set, falling back to 1 default profile: "default"
2024-03-04T18:07:04.105+09:00  INFO 3060 --- [    Test worker] o.s.m.s.b.SimpleBrokerMessageHandler     : Starting...
2024-03-04T18:07:04.109+09:00  INFO 3060 --- [    Test worker] o.s.m.s.b.SimpleBrokerMessageHandler     : BrokerAvailabilityEvent[available=true, SimpleBrokerMessageHandler [org.springframework.messaging.simp.broker.DefaultSubscriptionRegistry@61ff6a49]]
2024-03-04T18:07:04.111+09:00  INFO 3060 --- [    Test worker] o.s.m.s.b.SimpleBrokerMessageHandler     : Started.
2024-03-04T18:07:04.138+09:00  INFO 3060 --- [    Test worker] c.w.socket.SocketApplicationTests        : Started SocketApplicationTests in 2.692 seconds (process running for 5.379)
]]></system-out>
  <system-err><![CDATA[]]></system-err>
</testsuite>
